c:\users\sanzd\documents\github\gitpbl2\pbl2\debug\vc142.pdb
c:\users\sanzd\documents\github\gitpbl2\pbl2\debug\vc142.idb
c:\users\sanzd\documents\github\gitpbl2\pbl2\debug\main.obj
c:\users\sanzd\documents\github\gitpbl2\pbl2\debug\robotsim.obj
c:\users\sanzd\documents\github\gitpbl2\pbl2\debug\pathfinding.obj
c:\users\sanzd\documents\github\gitpbl2\pbl2\debug\menumanager.obj
c:\users\sanzd\documents\github\gitpbl2\pbl2\debug\filemanager.obj
c:\users\sanzd\documents\github\gitpbl2\pbl2\debug\eventhandler.obj
c:\users\sanzd\documents\github\gitpbl2\pbl2\debug\editor.obj
c:\users\sanzd\documents\github\gitpbl2\debug\pbl2.exe
c:\users\sanzd\documents\github\gitpbl2\debug\pbl2.ilk
c:\users\sanzd\documents\github\gitpbl2\debug\pbl2.pdb
c:\users\sanzd\documents\github\gitpbl2\pbl2\debug\pbl21.res
c:\users\sanzd\documents\github\gitpbl2\pbl2\debug\editor.obj.enc
c:\users\sanzd\documents\github\gitpbl2\pbl2\debug\filemanager.obj.enc
c:\users\sanzd\documents\github\gitpbl2\pbl2\debug\main.obj.enc
c:\users\sanzd\documents\github\gitpbl2\pbl2\debug\menumanager.obj.enc
c:\users\sanzd\documents\github\gitpbl2\pbl2\debug\pathfinding.obj.enc
c:\users\sanzd\documents\github\gitpbl2\pbl2\debug\pbl2.tlog\cl.command.1.tlog
c:\users\sanzd\documents\github\gitpbl2\pbl2\debug\pbl2.tlog\cl.read.1.tlog
c:\users\sanzd\documents\github\gitpbl2\pbl2\debug\pbl2.tlog\cl.write.1.tlog
c:\users\sanzd\documents\github\gitpbl2\pbl2\debug\pbl2.tlog\link.command.1.tlog
c:\users\sanzd\documents\github\gitpbl2\pbl2\debug\pbl2.tlog\link.read.1.tlog
c:\users\sanzd\documents\github\gitpbl2\pbl2\debug\pbl2.tlog\link.write.1.tlog
c:\users\sanzd\documents\github\gitpbl2\pbl2\debug\pbl2.tlog\rc.command.1.tlog
c:\users\sanzd\documents\github\gitpbl2\pbl2\debug\pbl2.tlog\rc.read.1.tlog
c:\users\sanzd\documents\github\gitpbl2\pbl2\debug\pbl2.tlog\rc.write.1.tlog
